success!
success!
timestamp: 2017-05-28T23:21:53.560594
CREATE TABLE enturmacoes(
    id INTEGER PRIMARY KEY AUTOINCREMENT,
    enturmacao INTEGER REFERENCES turmas (id) ON DELETE CASCADE  ,
    alunos TEXT
);
success!
success!
success!
success!
success!
timestamp: 2017-05-28T23:22:23.009975
CREATE TABLE enturmacoes(
    id INTEGER PRIMARY KEY AUTOINCREMENT,
    enturmacao INTEGER REFERENCES turmas (id) ON DELETE CASCADE  ,
    alunos TEXT
);
success!
success!
success!
success!
success!
success!
success!
success!
success!
success!
success!
success!
success!
success!
success!
success!
success!
success!
timestamp: 2017-05-28T23:23:28.218089
CREATE TABLE enturmacoess(
    id INTEGER PRIMARY KEY AUTOINCREMENT,
    enturmacao INTEGER REFERENCES turmas (id) ON DELETE CASCADE  ,
    alunos TEXT
);
success!
success!
timestamp: 2017-05-28T23:23:31.270059
CREATE TABLE enturmacoess(
    id INTEGER PRIMARY KEY AUTOINCREMENT,
    enturmacao INTEGER REFERENCES turmas (id) ON DELETE CASCADE  ,
    alunos TEXT
);
success!
success!
timestamp: 2017-05-28T23:23:41.849462
CREATE TABLE enturmacoesss(
    id INTEGER PRIMARY KEY AUTOINCREMENT,
    enturmacao INTEGER REFERENCES turmas (id) ON DELETE CASCADE  ,
    alunos TEXT
);
success!
success!
success!
success!
success!
success!
success!
success!
success!
success!
success!
success!
success!
success!
success!
success!
success!
success!
success!
success!
success!
success!
success!
success!
success!
success!
success!
success!
success!
DELETE FROM enturmacoes;
DELETE FROM sqlite_sequence WHERE name='enturmacoes';
success!
success!
success!
DELETE FROM enturmacoes;
DELETE FROM sqlite_sequence WHERE name='enturmacoes';
success!
success!
success!
DELETE FROM enturmacoes;
DELETE FROM sqlite_sequence WHERE name='enturmacoes';
success!
success!
success!
DELETE FROM enturmacoes;
DELETE FROM sqlite_sequence WHERE name='enturmacoes';
success!
success!
success!
timestamp: 2017-05-28T23:25:10.208538
CREATE TABLE enturmacoes(
    id INTEGER PRIMARY KEY AUTOINCREMENT,
    enturmacao INTEGER REFERENCES turmas (id) ON DELETE CASCADE  ,
    alunos TEXT
);
success!
success!
timestamp: 2017-05-28T23:25:23.357785
CREATE TABLE enturmacoess(
    id INTEGER PRIMARY KEY AUTOINCREMENT,
    enturmacao INTEGER REFERENCES turmas (id) ON DELETE CASCADE  ,
    alunos TEXT
);
success!
success!
timestamp: 2017-05-28T23:25:26.549921
CREATE TABLE enturmacoess(
    id INTEGER PRIMARY KEY AUTOINCREMENT,
    enturmacao INTEGER REFERENCES turmas (id) ON DELETE CASCADE  ,
    alunos TEXT
);
success!
success!
success!
success!
success!
success!
timestamp: 2017-05-28T23:25:52.125810
CREATE TABLE asass(
    id INTEGER PRIMARY KEY AUTOINCREMENT,
    enturmacao INTEGER REFERENCES turmas (id) ON DELETE CASCADE  ,
    alunos TEXT
);
success!
success!
success!
success!
success!
timestamp: 2017-05-28T23:26:26.155594
CREATE TABLE enturmacoes(
    id INTEGER PRIMARY KEY AUTOINCREMENT,
    enturmacao INTEGER REFERENCES turmas (id) ON DELETE CASCADE  ,
    alunos TEXT
);
success!
success!
timestamp: 2017-05-28T23:26:40.499773
CREATE TABLE enturmacoes(
    id INTEGER PRIMARY KEY AUTOINCREMENT,
    enturmacao INTEGER REFERENCES turmas (id) ON DELETE CASCADE  ,
    alunos TEXT
);
success!
success!
success!
success!
success!
success!
success!
success!
success!
success!
success!
success!
success!
timestamp: 2017-05-28T23:27:36.247240
CREATE TABLE enturmacoes(
    id INTEGER PRIMARY KEY AUTOINCREMENT,
    enturmacao INTEGER REFERENCES turmas (id) ON DELETE CASCADE  ,
    alunos TEXT
);
success!
success!
timestamp: 2017-05-28T23:27:51.780925
CREATE TABLE enturmacoes(
    id INTEGER PRIMARY KEY AUTOINCREMENT,
    enturmacao INTEGER REFERENCES turmas (id) ON DELETE CASCADE  ,
    alunos TEXT
);
success!
success!
success!
success!
success!
success!
success!
success!
success!
success!
success!
success!
success!
success!
success!
success!
success!
success!
success!
success!
success!
success!
success!
success!
success!
success!
success!
success!
success!
success!
success!
success!
success!
success!
success!
timestamp: 2017-05-28T23:30:09.067320
CREATE TABLE auth_user(
    id INTEGER PRIMARY KEY AUTOINCREMENT,
    first_name CHAR(128),
    last_name CHAR(128),
    email CHAR(512),
    password CHAR(512),
    registration_key CHAR(512),
    reset_password_key CHAR(512),
    registration_id CHAR(512),
    matricula CHAR(512) UNIQUE,
    nascimento DATE
);
success!
timestamp: 2017-05-28T23:30:09.236947
CREATE TABLE auth_group(
    id INTEGER PRIMARY KEY AUTOINCREMENT,
    role CHAR(512),
    description TEXT
);
success!
timestamp: 2017-05-28T23:30:09.348251
CREATE TABLE auth_membership(
    id INTEGER PRIMARY KEY AUTOINCREMENT,
    user_id INTEGER REFERENCES auth_user (id) ON DELETE CASCADE  ,
    group_id INTEGER REFERENCES auth_group (id) ON DELETE CASCADE  
);
success!
timestamp: 2017-05-28T23:30:09.460235
CREATE TABLE auth_permission(
    id INTEGER PRIMARY KEY AUTOINCREMENT,
    group_id INTEGER REFERENCES auth_group (id) ON DELETE CASCADE  ,
    name CHAR(512),
    table_name CHAR(512),
    record_id INTEGER
);
success!
timestamp: 2017-05-28T23:30:09.550110
CREATE TABLE auth_event(
    id INTEGER PRIMARY KEY AUTOINCREMENT,
    time_stamp TIMESTAMP,
    client_ip CHAR(512),
    user_id INTEGER REFERENCES auth_user (id) ON DELETE CASCADE  ,
    origin CHAR(512),
    description TEXT
);
success!
timestamp: 2017-05-28T23:30:09.639248
CREATE TABLE auth_cas(
    id INTEGER PRIMARY KEY AUTOINCREMENT,
    user_id INTEGER REFERENCES auth_user (id) ON DELETE CASCADE  ,
    created_on TIMESTAMP,
    service CHAR(512),
    ticket CHAR(512),
    renew CHAR(1)
);
success!
timestamp: 2017-05-28T23:30:09.751603
CREATE TABLE disciplinas(
    id INTEGER PRIMARY KEY AUTOINCREMENT,
    disciplina CHAR(512),
    descricao TEXT
);
success!
timestamp: 2017-05-28T23:30:09.864012
CREATE TABLE turmas(
    id INTEGER PRIMARY KEY AUTOINCREMENT,
    turma INTEGER REFERENCES disciplinas (id) ON DELETE CASCADE  ,
    semestre INTEGER,
    professor INTEGER REFERENCES auth_user (id) ON DELETE CASCADE  
);
success!
timestamp: 2017-05-28T23:30:09.941550
CREATE TABLE enturmacoes(
    id INTEGER PRIMARY KEY AUTOINCREMENT,
    enturmacao INTEGER REFERENCES turmas (id) ON DELETE CASCADE  ,
    alunos TEXT
);
success!
DELETE FROM auth_group;
DELETE FROM sqlite_sequence WHERE name='auth_group';
success!
DELETE FROM enturmacoes;
DELETE FROM sqlite_sequence WHERE name='enturmacoes';
success!
timestamp: 2017-06-01T21:48:06.989562
ALTER TABLE enturmacoes ADD aluno TEXT;
success!
success!
success!
success!
success!
success!
success!
success!
success!
success!
success!
success!
success!
success!
success!
success!
success!
success!
success!
success!
success!
success!
success!
success!
success!
success!
success!
success!
success!
success!
success!
success!
success!
success!
success!
success!
success!
success!
success!
success!
success!
success!
success!
success!
success!
success!
success!
success!
success!
success!
success!
success!
success!
success!
success!
success!
success!
success!
success!
success!
success!
success!
success!
success!
success!
success!
success!
success!
success!
success!
success!
success!
success!
success!
success!
success!
success!
success!
success!
success!
success!
success!
success!
success!
success!
success!
success!
success!
success!
success!
success!
success!
success!
success!
success!
success!
success!
success!
success!
success!
success!
success!
success!
success!
success!
success!
success!
success!
success!
success!
success!
success!
success!
success!
success!
success!
success!
success!
success!
success!
success!
success!
success!
success!
success!
success!
success!
success!
success!
success!
success!
success!
success!
success!
success!
success!
success!
success!
success!
success!
success!
success!
success!
success!
success!
success!
success!
success!
success!
success!
success!
success!
success!
success!
success!
success!
success!
success!
success!
success!
success!
success!
success!
success!
success!
success!
success!
success!
success!
success!
success!
success!
success!
success!
success!
success!
success!
success!
success!
success!
success!
success!
success!
success!
success!
success!
success!
success!
success!
success!
success!
success!
success!
success!
success!
success!
success!
success!
success!
success!
success!
success!
success!
success!
success!
success!
success!
success!
success!
success!
success!
success!
success!
success!
success!
success!
success!
success!
success!
success!
success!
success!
success!
success!
success!
success!
success!
success!
success!
success!
success!
success!
success!
success!
success!
success!
success!
success!
success!
success!
success!
success!
success!
success!
success!
success!
success!
success!
success!
success!
success!
success!
success!
success!
success!
success!
success!
success!
success!
success!
success!
success!
success!
success!
success!
success!
success!
success!
success!
success!
success!
success!
success!
success!
success!
success!
success!
success!
success!
success!
success!
success!
success!
success!
success!
success!
success!
success!
success!
success!
success!
success!
success!
success!
success!
success!
success!
success!
success!
success!
success!
success!
success!
success!
success!
success!
success!
success!
success!
success!
success!
success!
success!
success!
success!
success!
success!
success!
success!
success!
success!
success!
success!
success!
success!
success!
success!
success!
success!
success!
success!
success!
success!
success!
success!
success!
success!
success!
success!
success!
success!
success!
success!
success!
success!
success!
success!
success!
success!
success!
success!
success!
success!
success!
success!
success!
success!
success!
success!
success!
success!
success!
success!
success!
success!
success!
success!
success!
success!
success!
success!
success!
success!
success!
success!
success!
success!
success!
success!
success!
success!
success!
success!
success!
success!
success!
success!
success!
success!
success!
success!
success!
success!
success!
success!
success!
DELETE FROM enturmacoes;
DELETE FROM sqlite_sequence WHERE name='enturmacoes';
success!
success!
success!
success!
success!
success!
success!
success!
success!
success!
success!
success!
success!
success!
success!
success!
success!
success!
success!
success!
success!
success!
success!
success!
success!
success!
success!
success!
success!
success!
success!
success!
success!
success!
success!
success!
success!
success!
success!
success!
success!
success!
success!
success!
success!
success!
success!
success!
success!
success!
success!
success!
success!
success!
success!
success!
success!
success!
success!
success!
success!
success!
success!
success!
success!
success!
success!
success!
success!
success!
success!
success!
success!
success!
success!
success!
timestamp: 2017-06-02T09:07:18.437893
CREATE TABLE conteudos_beta(
    id INTEGER PRIMARY KEY AUTOINCREMENT,
    conteudo CHAR(512),
    disciplinas TEXT,
    publicacao TIMESTAMP
);
success!
success!
success!
success!
success!
success!
success!
success!
success!
success!
success!
success!
success!
success!
success!
success!
success!
success!
success!
success!
success!
success!
success!
success!
DELETE FROM conteudos_beta;
DELETE FROM sqlite_sequence WHERE name='conteudos_beta';
success!
success!
success!
success!
success!
success!
success!
success!
success!
success!
success!
success!
success!
success!
success!
success!
success!
success!
success!
success!
success!
success!
success!
success!
success!
success!
success!
success!
success!
success!
DELETE FROM enturmacoes;
DELETE FROM sqlite_sequence WHERE name='enturmacoes';
success!
success!
success!
success!
success!
success!
success!
success!
success!
success!
success!
success!
success!
success!
success!
success!
success!
DELETE FROM turmas;
DELETE FROM sqlite_sequence WHERE name='turmas';
success!
success!
success!
success!
success!
success!
success!
success!
success!
success!
success!
success!
success!
success!
success!
success!
success!
success!
success!
success!
success!
success!
success!
success!
success!
success!
success!
success!
success!
success!
success!
success!
success!
success!
success!
success!
DELETE FROM turmas;
DELETE FROM sqlite_sequence WHERE name='turmas';
success!
success!
success!
success!
success!
success!
success!
success!
success!
success!
success!
success!
success!
success!
success!
success!
success!
success!
success!
success!
success!
success!
success!
success!
success!
success!
success!
success!
success!
success!
success!
success!
success!
success!
success!
success!
success!
success!
success!
success!
success!
success!
success!
success!
success!
success!
success!
success!
success!
success!
success!
success!
success!
success!
success!
success!
success!
success!
success!
success!
success!
success!
success!
success!
success!
success!
success!
success!
success!
success!
success!
success!
success!
success!
success!
success!
success!
success!
success!
success!
success!
success!
success!
success!
success!
success!
success!
success!
success!
success!
success!
success!
success!
success!
success!
success!
success!
success!
success!
success!
success!
success!
success!
success!
success!
success!
success!
success!
success!
success!
success!
success!
success!
success!
success!
success!
success!
success!
success!
success!
success!
success!
success!
success!
success!
success!
success!
success!
success!
success!
DELETE FROM enturmacoes;
DELETE FROM sqlite_sequence WHERE name='enturmacoes';
success!
success!
success!
success!
success!
success!
success!
success!
success!
success!
success!
success!
success!
success!
success!
success!
success!
success!
success!
success!
success!
success!
success!
success!
success!
success!
success!
success!
success!
success!
success!
DELETE FROM enturmacoes;
DELETE FROM sqlite_sequence WHERE name='enturmacoes';
success!
success!
success!
success!
success!
DELETE FROM turmas;
DELETE FROM sqlite_sequence WHERE name='turmas';
success!
success!
success!
success!
success!
success!
success!
success!
success!
success!
success!
success!
success!
success!
success!
success!
success!
success!
success!
success!
success!
success!
success!
success!
success!
success!
success!
success!
success!
success!
success!
success!
success!
success!
success!
success!
success!
success!
success!
success!
success!
success!
success!
success!
success!
success!
success!
success!
success!
success!
success!
success!
success!
success!
success!
success!
success!
success!
success!
success!
success!
success!
success!
success!
success!
success!
success!
success!
success!
success!
success!
success!
success!
success!
success!
success!
success!
success!
success!
success!
success!
success!
success!
success!
success!
success!
success!
success!
success!
success!
success!
success!
success!
success!
success!
success!
success!
success!
success!
success!
success!
success!
success!
success!
success!
success!
success!
success!
success!
success!
success!
success!
success!
success!
success!
success!
success!
success!
success!
success!
success!
success!
success!
success!
success!
success!
success!
success!
success!
success!
success!
success!
success!
success!
success!
success!
success!
success!
success!
success!
success!
success!
success!
success!
success!
success!
success!
success!
success!
success!
success!
success!
success!
success!
success!
success!
success!
success!
success!
success!
success!
success!
success!
success!
success!
success!
success!
success!
success!
success!
success!
success!
success!
success!
success!
success!
success!
success!
success!
success!
success!
success!
success!
success!
success!
success!
success!
success!
success!
success!
success!
success!
success!
success!
success!
success!
success!
success!
success!
success!
success!
success!
success!
success!
success!
success!
success!
success!
success!
success!
success!
success!
success!
success!
success!
success!
success!
success!
success!
success!
success!
success!
success!
success!
success!
success!
success!
success!
success!
success!
success!
success!
success!
success!
success!
success!
success!
success!
success!
success!
success!
success!
success!
success!
success!
success!
success!
success!
success!
success!
success!
success!
success!
success!
success!
success!
success!
success!
success!
success!
success!
success!
success!
success!
success!
success!
success!
success!
success!
success!
success!
success!
success!
success!
success!
success!
success!
success!
success!
success!
success!
success!
success!
success!
success!
success!
success!
success!
success!
success!
success!
success!
success!
success!
success!
success!
success!
success!
success!
success!
success!
success!
success!
success!
success!
success!
success!
success!
success!
success!
success!
success!
success!
success!
success!
success!
success!
success!
success!
success!
success!
success!
success!
success!
success!
success!
success!
success!
success!
success!
success!
success!
success!
success!
success!
success!
success!
success!
success!
success!
success!
success!
success!
success!
success!
success!
success!
success!
success!
success!
success!
success!
success!
success!
success!
success!
success!
success!
success!
success!
success!
success!
success!
success!
success!
success!
success!
success!
success!
success!
success!
success!
success!
success!
success!
success!
success!
success!
success!
success!
success!
success!
success!
success!
success!
success!
success!
success!
success!
success!
success!
success!
success!
success!
success!
success!
success!
success!
success!
success!
success!
success!
success!
success!
success!
success!
success!
success!
success!
success!
success!
success!
success!
success!
success!
success!
success!
success!
success!
success!
success!
success!
success!
success!
success!
success!
success!
success!
success!
success!
success!
success!
success!
success!
success!
success!
success!
success!
success!
success!
success!
success!
success!
success!
success!
success!
success!
success!
success!
success!
success!
success!
success!
success!
success!
success!
success!
success!
success!
success!
success!
success!
success!
success!
success!
success!
success!
success!
success!
success!
success!
success!
success!
success!
success!
success!
success!
success!
success!
success!
success!
success!
success!
success!
success!
success!
success!
success!
success!
success!
success!
success!
success!
success!
success!
success!
success!
success!
success!
success!
success!
success!
success!
success!
success!
success!
success!
success!
success!
success!
success!
success!
success!
success!
success!
success!
success!
success!
success!
success!
success!
success!
success!
success!
success!
success!
success!
success!
success!
success!
success!
success!
success!
success!
success!
success!
success!
success!
success!
success!
success!
success!
success!
success!
success!
success!
success!
success!
success!
success!
success!
success!
success!
success!
success!
success!
success!
success!
success!
success!
success!
success!
success!
success!
success!
success!
success!
success!
success!
success!
success!
success!
success!
success!
success!
success!
success!
success!
success!
success!
success!
success!
success!
success!
success!
success!
success!
success!
success!
success!
success!
success!
success!
success!
success!
success!
success!
success!
success!
success!
success!
success!
success!
success!
success!
success!
success!
success!
success!
success!
success!
success!
success!
success!
success!
success!
success!
success!
success!
success!
success!
success!
success!
success!
success!
success!
success!
success!
success!
success!
success!
success!
success!
success!
success!
success!
success!
success!
success!
success!
success!
success!
success!
success!
success!
success!
success!
success!
success!
success!
success!
success!
success!
success!
success!
success!
success!
success!
success!
success!
success!
success!
success!
success!
success!
success!
success!
success!
success!
success!
success!
success!
success!
success!
success!
success!
success!
success!
success!
success!
success!
success!
success!
success!
success!
success!
success!
success!
success!
success!
success!
success!
success!
success!
success!
success!
success!
success!
success!
